<?xml version="1.0" encoding="UTF-8"?>
<coverage generated="1746558574465" clover="3.2.0">
  <project timestamp="1746558574465" name="All files">
    <metrics statements="23" coveredstatements="23" conditionals="7" coveredconditionals="7" methods="6" coveredmethods="6" elements="36" coveredelements="36" complexity="0" loc="23" ncloc="23" packages="2" files="2" classes="2"/>
    <package name="src">
      <metrics statements="19" coveredstatements="19" conditionals="7" coveredconditionals="7" methods="6" coveredmethods="6"/>
      <file name="index.ts" path="/Users/martins/projects/private/libraries/geoIpify/src/index.ts">
        <metrics statements="19" coveredstatements="19" conditionals="7" coveredconditionals="7" methods="6" coveredmethods="6"/>
        <line num="1" count="1" type="stmt"/>
        <line num="3" count="1" type="stmt"/>
        <line num="4" count="3" type="cond" truecount="2" falsecount="0"/>
        <line num="8" count="3" type="cond" truecount="1" falsecount="0"/>
        <line num="9" count="1" type="stmt"/>
        <line num="12" count="2" type="stmt"/>
        <line num="16" count="2" type="cond" truecount="1" falsecount="0"/>
        <line num="17" count="1" type="stmt"/>
        <line num="19" count="1" type="stmt"/>
        <line num="20" count="1" type="stmt"/>
        <line num="23" count="1" type="stmt"/>
        <line num="27" count="1" type="stmt"/>
        <line num="28" count="2" type="cond" truecount="2" falsecount="0"/>
        <line num="32" count="2" type="stmt"/>
        <line num="36" count="2" type="cond" truecount="1" falsecount="0"/>
        <line num="37" count="1" type="stmt"/>
        <line num="39" count="1" type="stmt"/>
        <line num="40" count="1" type="stmt"/>
        <line num="43" count="1" type="stmt"/>
      </file>
    </package>
    <package name="src.utils">
      <metrics statements="4" coveredstatements="4" conditionals="0" coveredconditionals="0" methods="0" coveredmethods="0"/>
      <file name="constants.ts" path="/Users/martins/projects/private/libraries/geoIpify/src/utils/constants.ts">
        <metrics statements="4" coveredstatements="4" conditionals="0" coveredconditionals="0" methods="0" coveredmethods="0"/>
        <line num="1" count="1" type="stmt"/>
        <line num="2" count="1" type="stmt"/>
        <line num="4" count="1" type="stmt"/>
        <line num="30" count="1" type="stmt"/>
      </file>
    </package>
  </project>
</coverage>
