{"/Users/martins/projects/private/libraries/geoIpify/src/index.ts": {"path":"/Users/martins/projects/private/libraries/geoIpify/src/index.ts","statementMap":{"0":{"start":{"line":3,"column":0},"end":{"line":3,"column":16}},"1":{"start":{"line":27,"column":0},"end":{"line":27,"column":16}},"2":{"start":{"line":1,"column":0},"end":{"line":1,"column":53}},"3":{"start":{"line":4,"column":29},"end":{"line":6,"column":61}},"4":{"start":{"line":8,"column":2},"end":{"line":10,"column":3}},"5":{"start":{"line":9,"column":4},"end":{"line":9,"column":44}},"6":{"start":{"line":12,"column":2},"end":{"line":24,"column":7}},"7":{"start":{"line":16,"column":6},"end":{"line":18,"column":7}},"8":{"start":{"line":17,"column":8},"end":{"line":17,"column":66}},"9":{"start":{"line":19,"column":21},"end":{"line":19,"column":36}},"10":{"start":{"line":20,"column":6},"end":{"line":20,"column":20}},"11":{"start":{"line":23,"column":6},"end":{"line":23,"column":18}},"12":{"start":{"line":28,"column":25},"end":{"line":30,"column":41}},"13":{"start":{"line":32,"column":2},"end":{"line":43,"column":7}},"14":{"start":{"line":36,"column":6},"end":{"line":38,"column":7}},"15":{"start":{"line":37,"column":8},"end":{"line":37,"column":66}},"16":{"start":{"line":39,"column":6},"end":{"line":39,"column":29}},"17":{"start":{"line":42,"column":6},"end":{"line":42,"column":18}}},"fnMap":{"0":{"name":"getIpAddressAndNetworkInfo","decl":{"start":{"line":3,"column":16},"end":{"line":3,"column":42}},"loc":{"start":{"line":3,"column":77},"end":{"line":25,"column":1}}},"1":{"name":"(anonymous_1)","decl":{"start":{"line":15,"column":10},"end":{"line":15,"column":18}},"loc":{"start":{"line":15,"column":21},"end":{"line":21,"column":5}}},"2":{"name":"(anonymous_2)","decl":{"start":{"line":22,"column":11},"end":{"line":22,"column":16}},"loc":{"start":{"line":22,"column":19},"end":{"line":24,"column":5}}},"3":{"name":"getIpAddressOnly","decl":{"start":{"line":27,"column":16},"end":{"line":27,"column":32}},"loc":{"start":{"line":27,"column":51},"end":{"line":44,"column":1}}},"4":{"name":"(anonymous_4)","decl":{"start":{"line":35,"column":10},"end":{"line":35,"column":18}},"loc":{"start":{"line":35,"column":21},"end":{"line":40,"column":5}}},"5":{"name":"(anonymous_5)","decl":{"start":{"line":41,"column":11},"end":{"line":41,"column":16}},"loc":{"start":{"line":41,"column":19},"end":{"line":43,"column":5}}}},"branchMap":{"0":{"loc":{"start":{"line":4,"column":29},"end":{"line":6,"column":61}},"type":"cond-expr","locations":[{"start":{"line":5,"column":6},"end":{"line":5,"column":84}},{"start":{"line":6,"column":6},"end":{"line":6,"column":61}}]},"1":{"loc":{"start":{"line":8,"column":2},"end":{"line":10,"column":3}},"type":"if","locations":[{"start":{"line":8,"column":2},"end":{"line":10,"column":3}}]},"2":{"loc":{"start":{"line":16,"column":6},"end":{"line":18,"column":7}},"type":"if","locations":[{"start":{"line":16,"column":6},"end":{"line":18,"column":7}}]},"3":{"loc":{"start":{"line":28,"column":25},"end":{"line":30,"column":41}},"type":"cond-expr","locations":[{"start":{"line":29,"column":6},"end":{"line":29,"column":64}},{"start":{"line":30,"column":6},"end":{"line":30,"column":41}}]},"4":{"loc":{"start":{"line":36,"column":6},"end":{"line":38,"column":7}},"type":"if","locations":[{"start":{"line":36,"column":6},"end":{"line":38,"column":7}}]}},"s":{"0":1,"1":1,"2":1,"3":3,"4":3,"5":1,"6":2,"7":2,"8":1,"9":1,"10":1,"11":1,"12":2,"13":2,"14":2,"15":1,"16":1,"17":1},"f":{"0":3,"1":2,"2":1,"3":2,"4":2,"5":1},"b":{"0":[2,1],"1":[1],"2":[1],"3":[1,1],"4":[1]}}
,"/Users/martins/projects/private/libraries/geoIpify/src/utils/constants.ts": {"path":"/Users/martins/projects/private/libraries/geoIpify/src/utils/constants.ts","statementMap":{"0":{"start":{"line":1,"column":13},"end":{"line":1,"column":54}},"1":{"start":{"line":2,"column":13},"end":{"line":2,"column":63}},"2":{"start":{"line":4,"column":13},"end":{"line":28,"column":2}},"3":{"start":{"line":30,"column":13},"end":{"line":32,"column":2}}},"fnMap":{},"branchMap":{},"s":{"0":1,"1":1,"2":1,"3":1},"f":{},"b":{}}
}
