TN:
SF:src/index.ts
FN:3,getIpAddressAndNetworkInfo
FN:27,getIpAddressOnly
FNF:2
FNH:2
FNDA:3,getIpAddressAndNetworkInfo
FNDA:3,getIpAddressOnly
DA:1,1
DA:3,1
DA:7,3
DA:8,3
DA:12,3
DA:13,1
DA:16,2
DA:17,2
DA:18,0
DA:20,2
DA:21,2
DA:23,0
DA:27,1
DA:28,3
DA:29,3
DA:33,3
DA:34,3
DA:35,1
DA:37,2
DA:38,2
DA:40,1
LF:21
LH:19
BRDA:8,0,0,2
BRDA:8,0,1,1
BRDA:12,1,0,1
BRDA:17,2,0,0
BRDA:29,3,0,1
BRDA:29,3,1,2
BRDA:34,4,0,1
BRF:7
BRH:6
end_of_record
TN:
SF:src/utils/constants.ts
FNF:0
FNH:0
DA:1,1
DA:2,1
DA:4,1
DA:30,1
LF:4
LH:4
BRF:0
BRH:0
end_of_record
