TN:
SF:src/index.ts
FN:3,getIpAddressAndNetworkInfo
FN:18,(anonymous_1)
FN:24,(anonymous_2)
FN:25,(anonymous_3)
FN:30,getIpAddressOnly
FN:41,(anonymous_5)
FN:47,(anonymous_6)
FN:48,(anonymous_7)
FNF:8
FNH:8
FNDA:3,getIpAddressAndNetworkInfo
FNDA:2,(anonymous_1)
FNDA:1,(anonymous_2)
FNDA:1,(anonymous_3)
FNDA:2,getIpAddressOnly
FNDA:2,(anonymous_5)
FNDA:1,(anonymous_6)
FNDA:1,(anonymous_7)
DA:1,1
DA:3,1
DA:4,3
DA:8,3
DA:9,1
DA:12,2
DA:19,2
DA:20,1
DA:22,1
DA:24,1
DA:26,1
DA:30,1
DA:31,2
DA:35,2
DA:42,2
DA:43,1
DA:45,1
DA:47,1
DA:49,1
LF:19
LH:19
BRDA:4,0,0,2
BRDA:4,0,1,1
BRDA:8,1,0,1
BRDA:19,2,0,1
BRDA:31,3,0,1
BRDA:31,3,1,1
BRDA:42,4,0,1
BRF:7
BRH:7
end_of_record
TN:
SF:src/utils/constants.ts
FNF:0
FNH:0
DA:1,1
DA:2,1
DA:4,1
DA:30,1
LF:4
LH:4
BRF:0
BRH:0
end_of_record
